[0m[1m[33mwarning[0m[0m[1m: methods `register_endpoint` and `set_last_endpoint` are never used[0m
[0m   [0m[0m[1m[38;5;12m--> [0m[0msrc/dht/node_failure_tracker.rs:217:18[0m
[0m    [0m[0m[1m[38;5;12m|[0m
[0m[1m[38;5;12m209[0m[0m [0m[0m[1m[38;5;12m|[0m[0m [0m[0m    impl MockDhtClient {[0m
[0m    [0m[0m[1m[38;5;12m|[0m[0m     [0m[0m[1m[38;5;12m------------------[0m[0m [0m[0m[1m[38;5;12mmethods in this implementation[0m
[0m[1m[38;5;12m...[0m
[0m[1m[38;5;12m217[0m[0m [0m[0m[1m[38;5;12m|[0m[0m [0m[0m        async fn register_endpoint([0m
[0m    [0m[0m[1m[38;5;12m|[0m[0m                  [0m[0m[1m[33m^^^^^^^^^^^^^^^^^[0m
[0m[1m[38;5;12m...[0m
[0m[1m[38;5;12m233[0m[0m [0m[0m[1m[38;5;12m|[0m[0m [0m[0m        async fn set_last_endpoint(&self, node_id: NodeId, endpoint: String) {[0m
[0m    [0m[0m[1m[38;5;12m|[0m[0m                  [0m[0m[1m[33m^^^^^^^^^^^^^^^^^[0m
[0m    [0m[0m[1m[38;5;12m|[0m
[0m    [0m[0m[1m[38;5;12m= [0m[0m[1mnote[0m[0m: `#[warn(dead_code)]` on by default[0m

[1m[33mwarning[0m[1m:[0m `saorsa-core` (lib test) generated 1 warning
[1m[32m    Finished[0m `test` profile [unoptimized + debuginfo] target(s) in 0.24s
[1m[32m     Running[0m unittests src/lib.rs (target/debug/deps/saorsa_core-839cf94128124b59)

running 671 tests
test adaptive::beta_distribution::tests::test_beta_confidence_interval ... ok
test adaptive::beta_distribution::tests::test_beta_distribution_moments ... ok
test adaptive::beta_distribution::tests::test_beta_distribution_creation ... ok
test adaptive::beta_distribution::tests::test_beta_parameter_updates ... ok
test adaptive::beta_distribution::tests::test_mode_edge_cases ... ok
test adaptive::churn::tests::test_node_monitoring ... ok
test adaptive::churn::tests::test_proactive_replication ... ok
test adaptive::beta_distribution::tests::test_beta_distribution_special_cases ... ok
test adaptive::churn_prediction::tests::test_lstm_layer_creation ... ok
test adaptive::churn_prediction::tests::test_sigmoid ... ok
test adaptive::churn::tests::test_churn_rate_calculation ... ok
test adaptive::beta_distribution::tests::test_beta_distribution_sampling ... ok
test adaptive::client::tests::test_not_connected_error ... ok
test adaptive::client::tests::test_pubsub_messaging ... ignored, requires full adaptive gossip stack
test adaptive::client::tests::test_client_creation ... ok
test adaptive::coordinator::tests::test_coordinator_creation ... ok
test adaptive::beta_distribution::tests::test_beta_distribution_convergence ... ok
test adaptive::coordinator::tests::test_graceful_degradation ... ok
test adaptive::coordinator::tests::test_message_routing ... ok
test adaptive::coordinator::tests::test_metrics_collection ... ok
test adaptive::coordinator::tests::test_network_join ... ok
test adaptive::dht_integration::tests::test_node_id_to_key_conversion ... ok
test adaptive::eviction::tests::test_adaptive_eviction_uses_q_values ... ok
test adaptive::eviction::tests::test_fifo_eviction_removes_oldest ... ok
test adaptive::eviction::tests::test_lfu_eviction_removes_least_frequently_used ... ok
test adaptive::eviction::tests::test_lru_eviction_removes_least_recently_used ... ok
test adaptive::eviction::tests::test_strategy_factory ... ok
test adaptive::gossip::tests::test_adaptive_mesh_size ... ok
test adaptive::gossip::tests::test_churn_detector ... ok
test adaptive::gossip::tests::test_control_messages ... ok
test adaptive::gossip::tests::test_gossipsub_subscribe ... ok
test adaptive::gossip::tests::test_ihave_iwant_flow ... ok
test adaptive::gossip::tests::test_message_id ... ok
test adaptive::gossip::tests::test_message_validation ... ok
test adaptive::gossip::tests::test_peer_score ... ok
test adaptive::hyperbolic::tests::test_angle_difference ... ok
test adaptive::hyperbolic::tests::test_coordinate_adjustment ... ok
test adaptive::hyperbolic::tests::test_greedy_routing ... ok
test adaptive::hyperbolic::tests::test_hyperbolic_distance ... ok
test adaptive::hyperbolic::tests::test_hyperbolic_routing_strategy ... ok
test adaptive::hyperbolic::tests::test_routing_stats ... ok
test adaptive::hyperbolic_enhanced::tests::test_enhanced_distance_calculation ... ok
test adaptive::hyperbolic_enhanced::tests::test_fixed_point_conversion ... ok
test adaptive::dht_integration::tests::test_adaptive_dht_creation ... ok
test adaptive::hyperbolic_enhanced::tests::test_visualization_export ... ok
test adaptive::hyperbolic_greedy::tests::test_coordinate_update ... ok
test adaptive::hyperbolic_greedy::tests::test_drift_detection ... ok
test adaptive::churn_prediction::tests::test_feature_normalization ... ok
test adaptive::hyperbolic_greedy::tests::test_greedy_routing ... ok
test adaptive::hyperbolic_greedy::tests::test_hyperbolic_distance ... ok
test adaptive::hyperbolic_greedy::tests::test_partial_refit ... ok
test adaptive::learning::tests::test_action_execution ... ok
test adaptive::learning::tests::test_cache_eviction_policies ... ok
test adaptive::learning::tests::test_cache_manager ... ok
test adaptive::learning::tests::test_cache_statistics ... ok
test adaptive::learning::tests::test_churn_predictor ... ok
test adaptive::learning::tests::test_churn_predictor_feature_extraction ... ok
test adaptive::learning::tests::test_churn_predictor_initialization ... ok
test adaptive::churn_prediction::tests::test_prediction ... ok
test adaptive::learning::tests::test_churn_predictor_model_persistence ... ok
test adaptive::learning::tests::test_churn_predictor_online_learning ... ok
test adaptive::learning::tests::test_churn_predictor_pattern_analysis ... ok
test adaptive::learning::tests::test_churn_predictor_proactive_replication ... ok
test adaptive::learning::tests::test_confidence_intervals ... ok
test adaptive::churn_prediction::tests::test_experience_replay ... ok
test adaptive::learning::tests::test_exploration_vs_exploitation ... ok
test adaptive::learning::tests::test_learning_system_trait ... ok
test adaptive::learning::tests::test_exploration_bonus ... ok
test adaptive::learning::tests::test_q_value_update ... ok
test adaptive::learning::tests::test_reset_strategy ... ok
test adaptive::learning::tests::test_reward_calculation ... ok
test adaptive::learning::tests::test_state_representation ... ok
test adaptive::learning::tests::test_thompson_sampling_initialization ... ok
test adaptive::learning::tests::test_thompson_sampling_selection ... ok
test adaptive::monitoring::tests::test_alert_cooldown ... ok
test adaptive::monitoring::tests::test_anomaly_detection ... ok
test adaptive::monitoring::tests::test_debug_logging ... ok
test adaptive::learning::tests::test_thompson_sampling_update ... ok
test adaptive::multi_armed_bandit::tests::test_confidence_intervals ... ok
test adaptive::multi_armed_bandit::tests::test_mab_creation ... ok
test adaptive::multi_armed_bandit::tests::test_persistence ... ok
test adaptive::multi_armed_bandit::tests::test_route_selection ... ok
test adaptive::multi_armed_bandit::tests::test_route_update ... ok
test adaptive::hyperbolic_greedy::tests::test_embedding_creation ... ok
test adaptive::performance::tests::test_batch_processor ... ok
test adaptive::performance::tests::test_concurrency_limiter ... ok
test adaptive::performance::tests::test_performance_cache ... ok
test adaptive::multi_armed_bandit::tests::test_thompson_sampling_convergence ... ok
test adaptive::performance::tests::test_zero_copy_message ... ok
test adaptive::q_learning_cache::tests::test_action_types ... ok
test adaptive::q_learning_cache::tests::test_available_actions ... ok
test adaptive::q_learning_cache::tests::test_cache_statistics ... ok
test adaptive::q_learning_cache::tests::test_cache_statistics_updates ... ok
test adaptive::q_learning_cache::tests::test_epsilon_greedy_selection ... ok
test adaptive::q_learning_cache::tests::test_experience_storage ... ok
test adaptive::q_learning_cache::tests::test_q_learning_config ... ok
test adaptive::q_learning_cache::tests::test_q_table_initialization ... ok
test adaptive::q_learning_cache::tests::test_q_value_updates ... ok
test adaptive::q_learning_cache::tests::test_reset ... ok
test adaptive::q_learning_cache::tests::test_reward_calculation ... ok
test adaptive::q_learning_cache::tests::test_state_discretization ... ok
test adaptive::q_learning_cache::tests::test_state_features ... ok
test adaptive::replication::tests::test_adaptive_replication_factor ... ok
test adaptive::performance::tests::test_performance_monitor ... ok
test adaptive::replication::tests::test_node_departure_handling ... ok
test adaptive::replication::tests::test_node_selection_excludes_nodes ... ok
test adaptive::replication::tests::test_proactive_replication ... ok
test adaptive::replication::tests::test_replication_tracking ... ok
test adaptive::client::tests::test_client_connect ... ok
test adaptive::client::tests::test_compute_job ... ok
test adaptive::client::tests::test_network_stats ... ok
test adaptive::routing::tests::test_adaptive_router_creation ... ok
test adaptive::routing::tests::test_hyperbolic_distance ... ok
test adaptive::routing::tests::test_thompson_sampling ... ok
test adaptive::security::tests::test_blacklist_management ... ok
test adaptive::security::tests::test_eclipse_detection ... ok
test adaptive::security::tests::test_integrity_verification ... ok
test adaptive::retrieval::tests::test_cache_retrieval ... ok
test adaptive::security::tests::test_security_auditor ... ok
test adaptive::retrieval::tests::test_local_retrieval ... ok
test adaptive::storage::tests::test_cache_behavior ... ok
test adaptive::storage::tests::test_chunk_manager ... ok
test adaptive::retrieval::tests::test_parallel_strategy ... ok
test adaptive::storage::tests::test_content_hash_generation ... ok
test adaptive::tests::test_content_hash_serialization ... ok
test adaptive::tests::test_hyperbolic_coordinate_bounds ... ok
test adaptive::timestamp_tests::tests::test_saturating_timestamp_math ... ok
test adaptive::timestamp_tests::tests::test_timestamp_handling ... ok
test adaptive::storage::tests::test_content_storage ... ok
test adaptive::transport::tests::test_transport_manager ... ok
test adaptive::transport::tests::test_transport_protocol_properties ... ok
test adaptive::transport::tests::test_tcp_transport_connect ... ok
test adaptive::trust::tests::test_eigentrust_basic ... ok
test adaptive::trust::tests::test_trust_based_routing ... ok
test adaptive::retrieval::tests::test_strategy_selection ... ok
test adaptive::client::tests::test_storage_operations ... ok
test address::tests::test_address_book ... ok
test address::tests::test_ipv6_address ... ok
test address::tests::test_network_address_creation ... ok
test address::tests::test_network_address_display ... ok
test address::tests::test_network_address_from_string ... ok
test address::tests::test_private_address_detection ... ok
test auth::tests::test_composite_auth_all ... ok
test adaptive::security::tests::test_security_manager_integration ... ok
test adaptive::monitoring::tests::test_performance_profiling ... ok
test auth::tests::test_threshold_auth ... ok
test auth::tests::test_single_write_auth ... ok
test bootstrap::cache::tests::test_cache_creation ... ok
test bootstrap::cache::tests::test_add_and_retrieve_contacts ... ok
test bootstrap::cache::tests::test_cache_persistence ... ok
test bootstrap::contact::tests::test_capability_bonus ... ok
test bootstrap::contact::tests::test_contact_entry_creation ... ok
test bootstrap::contact::tests::test_contact_with_quic_info ... ok
test bootstrap::contact::tests::test_quality_calculation ... ok
test bootstrap::contact::tests::test_quality_decay ... ok
test bootstrap::contact::tests::test_quic_connection_result_update ... ok
test bootstrap::contact::tests::test_quic_contact_creation ... ok
test bootstrap::contact::tests::test_quic_quality_affects_overall_score ... ok
test bootstrap::contact::tests::test_stale_detection ... ok
test bootstrap::discovery::tests::test_bootstrap_discovery_creation ... ok
test bootstrap::discovery::tests::test_configurable_discovery ... ok
test bootstrap::discovery::tests::test_custom_bootstrap_addition ... ok
test bootstrap::discovery::tests::test_four_word_resolution ... ok
test bootstrap::discovery::tests::test_well_known_addresses ... ok
test bootstrap::cache::tests::test_cache_eviction ... ok
test bootstrap::merge::tests::test_conflict_resolution_quality_based ... ok
test bootstrap::merge::tests::test_merge_coordinator_creation ... ok
test bootstrap::merge::tests::test_metrics_combination ... ok
test bootstrap::merge::tests::test_process_id_extraction ... ok
test bootstrap::tests::test_bootstrap_manager_creation ... ok
test bootstrap::tests::test_home_cache_dir ... ok
test auth::tests::test_delegated_write_auth ... ok
test config::tests::test_default_config ... ok
test config::tests::test_development_config ... ok
test config::tests::test_config_validation ... ok
test config::tests::test_production_config ... ok
test config::tests::test_save_and_load_config ... ok
test config::tests::test_env_overrides ... ok
test config::tests::test_size_parsing ... ok
test config::tests::test_size_validation ... ok
test dht::capacity_signaling::tests::test_capacity_histogram ... ok
test dht::capacity_signaling::tests::test_pricing_multiplier ... ok
test dht::client::tests::test_dht_client_object_storage ... ok
test dht::client::tests::test_dht_client_exists ... ok
test dht::content_addressing::tests::test_chunking_boundaries ... ok
test dht::client::tests::test_dht_client_store_retrieve ... ok
test bootstrap::merge::tests::test_is_process_running_compilation ... ok
test dht::content_addressing::tests::test_content_integrity_verification ... ok
test dht::content_addressing::tests::test_deduplication_efficiency ... ok
test dht::content_addressing::tests::test_deterministic_addressing ... ok
test dht::content_addressing::tests::test_empty_content ... ok
test dht::core_engine::tests::test_xor_distance ... ok
test dht::core_engine::tests::test_basic_store_retrieve ... ok
test dht::enhanced_storage::tests::test_peer_health_info_default ... ok
test dht::enhanced_storage::tests::test_repair_priority_ordering ... ok
test dht::enhanced_storage::tests::test_replication_config_default ... ok
test dht::enhanced_storage::tests::test_replication_result_health_check ... ok
test dht::enhanced_storage::tests::test_replication_result_success_rate ... ok
test dht::geographic_network_integration::tests::test_geographic_network_integration_creation ... ok
test dht::geographic_network_integration::tests::test_multiaddr_ip_extraction ... ok
test dht::geographic_network_integration::tests::test_peer_addition ... ok
test dht::geographic_network_integration::tests::test_quality_metrics_update ... ok
test dht::geographic_routing::tests::test_geographic_region_from_ip ... ok
test dht::geographic_network_integration::tests::test_region_detection_digitalocean ... ok
test dht::geographic_routing::tests::test_peer_quality_metrics ... ok
test dht::geographic_routing::tests::test_regional_bucket ... ok
test dht::geographic_routing_table::tests::test_geographic_routing_table_creation ... ok
test dht::geographic_routing_table::tests::test_cross_region_peer_selection ... ok
test dht::geographic_routing_table::tests::test_peer_addition_and_removal ... ok
test dht::geographic_routing_table::tests::test_thread_safe_operations ... ok
test dht::latency_aware_selection::tests::test_cross_region_peer_selection ... ok
test dht::latency_aware_selection::tests::test_latency_aware_peer_selection ... ok
test dht::latency_aware_selection::tests::test_peer_metrics_cache ... ok
test dht::network_integration::tests::test_connection_pool ... ok
test dht::network_integration::tests::test_message_router ... ok
test dht::network_integration::tests::test_peer_manager ... ok
test adaptive::churn::tests::test_failure_detection ... ok
test dht::network_integration::tests::test_network_integration_ping ... ok
test dht::node_failure_tracker::tests::test_cleanup_expired_failures ... ok
test dht::node_failure_tracker::tests::test_get_all_failed_nodes ... ok
test dht::node_failure_tracker::tests::test_grace_period_prevents_immediate_replication ... ok
test dht::node_failure_tracker::tests::test_invalid_config_rejected ... ok
test dht::node_failure_tracker::tests::test_record_node_failure ... ok
test dht::optimized_storage::tests::test_expiration_cleanup ... ok
test dht::optimized_storage::tests::test_lru_eviction ... ok
test dht::optimized_storage::tests::test_indexed_publisher_lookup ... ok
test dht::optimized_storage::tests::test_optimized_storage_basic_operations ... ok
test dht::reed_solomon::tests::test_redundancy_adjustment ... ok
test dht::replication_grace_period::tests::test_config_validation ... ok
test dht::replication_grace_period::tests::test_default_config ... ok
test dht::replication_grace_period::tests::test_failed_node_info_creation ... ok
test dht::rsps_integration::tests::test_rsps_integration ... ok
test dht::skademlia::tests::test_consistency_report ... ok
test dht::skademlia::tests::test_disjoint_path_add_query_results ... ok
test dht::skademlia::tests::test_disjoint_path_completion ... ok
test dht::skademlia::tests::test_disjoint_path_count_shared_nodes ... ok
test dht::skademlia::tests::test_disjoint_path_get_next_node ... ok
test dht::skademlia::tests::test_disjoint_path_get_results ... ok
test dht::skademlia::tests::test_disjoint_path_initialization ... ok
test dht::skademlia::tests::test_disjoint_path_initialization_insufficient_nodes ... ok
test dht::skademlia::tests::test_disjoint_path_invalid_path_id ... ok
test dht::skademlia::tests::test_disjoint_path_lookup_creation ... ok
test dht::skademlia::tests::test_disjoint_path_verify_disjointness ... ok
test dht::skademlia::tests::test_distance_challenge_creation ... ok
test dht::skademlia::tests::test_distance_measurement ... ok
test dht::skademlia::tests::test_distance_proof_validation_components ... ok
test dht::skademlia::tests::test_security_bucket_add_backup_route ... ok
test dht::skademlia::tests::test_security_bucket_add_trusted_node ... ok
test dht::skademlia::tests::test_security_bucket_backup_route_limit ... ok
test dht::skademlia::tests::test_security_bucket_creation ... ok
test dht::skademlia::tests::test_security_bucket_size_limit ... ok
test dht::skademlia::tests::test_sibling_list_add_node ... ok
test dht::skademlia::tests::test_sibling_list_creation ... ok
test dht::skademlia::tests::test_sibling_list_get_closest_siblings ... ok
test dht::skademlia::tests::test_sibling_list_size_limit ... ok
test dht::skademlia::tests::test_sibling_list_verify_routing_decision ... ok
test dht::skademlia::tests::test_skademlia_cleanup_expired ... ok
test dht::skademlia::tests::test_skademlia_config_default ... ok
test dht::skademlia::tests::test_skademlia_create_adaptive_distance_challenge ... ok
test dht::skademlia::tests::test_skademlia_create_distance_challenge ... ok
test dht::skademlia::tests::test_skademlia_create_enhanced_distance_challenge ... ok
test dht::skademlia::tests::test_skademlia_creation ... ok
test dht::skademlia::tests::test_skademlia_get_security_bucket ... ok
test dht::skademlia::tests::test_skademlia_select_secure_nodes ... ok
test dht::skademlia::tests::test_skademlia_update_sibling_list ... ok
test dht::skademlia::tests::test_skademlia_validate_routing_consistency ... ok
test dht::telemetry::tests::test_error_summary ... ok
test dht::telemetry::tests::test_percentile_calculation ... ok
test dht::telemetry::tests::test_telemetry_recording ... ok
test dht::witness::tests::test_audit_trail_reconstruction ... ok
test dht::witness::tests::test_receipt_creation_and_verification ... ok
test adaptive::learning::tests::test_churn_predictor_node_events ... ok
test adaptive::hyperbolic_enhanced::tests::test_hysteresis_adjustment ... ok
test adaptive::churn_prediction::tests::test_model_persistence ... ok
test encrypted_key_storage::tests::test_password_validation ... ok
test dht::reed_solomon::tests::test_encoding_decoding_roundtrip ... ok
test dht::reed_solomon::tests::test_maximum_recoverable_failures ... ok
test error::tests::test_anyhow_conversion ... ok
test error::tests::test_crypto_error ... ok
test error::tests::test_error_context ... ok
test error::tests::test_error_display ... ok
test error::tests::test_error_log_serialization ... ok
test error::tests::test_timeout_error ... ok
test events::tests::test_cleanup ... ok
test events::tests::test_dht_watch ... ok
test events::tests::test_forward_events ... ok
test events::tests::test_topology_events ... ok
test fwid::tests::test_fw_check ... ok
test fwid::tests::test_fw_to_key ... ok
test fwid::tests::test_key_hex ... ok
test geographic_enhanced_network::tests::test_geographic_network_config_creation ... ok
test geographic_enhanced_network::tests::test_geographic_network_config_disabled ... ok
test geographic_enhanced_network::tests::test_geographic_service_creation ... ok
test geographic_enhanced_network::tests::test_integration_helpers ... ok
test geographic_enhanced_network::tests::test_peer_id_extraction ... ok
test health::checks::tests::test_composite_health_checker ... ok
test health::checks::tests::test_composite_health_checker_unhealthy ... ok
test health::checks::tests::test_storage_health_checker ... ok
test health::endpoints::tests::test_debug_endpoint ... ok
test health::endpoints::tests::test_health_endpoint ... ok
test encrypted_key_storage::tests::test_cache_functionality ... ok
test health::endpoints::tests::test_metrics_endpoint ... ok
test health::endpoints::tests::test_not_found ... ok
test health::endpoints::tests::test_ready_endpoint ... ok
test health::metrics::tests::test_export_with_metadata ... ok
test health::metrics::tests::test_health_metrics_structure ... ok
test health::metrics::tests::test_prometheus_export_basic ... ok
test health::metrics::tests::test_prometheus_export_with_components ... ok
test health::metrics::tests::test_prometheus_format_validation ... ok
test health::tests::test_component_health ... ok
test health::tests::test_debug_info_structure ... ok
test health::tests::test_health_manager ... ok
test health::tests::test_health_response ... ok
test health::tests::test_health_status ... ok
test encrypted_key_storage::tests::test_storage_initialization ... ok
test identity::cli::tests::test_save_and_load_identity ... ok
test identity::encryption::tests::test_different_info_fails ... ok
test encrypted_key_storage::tests::test_master_seed_storage ... ok
test health::endpoints::tests::test_health_server_lifecycle ... ok
test identity::encryption::tests::test_shared_secret_encryption ... ok
test encrypted_key_storage::tests::test_password_change ... ok
test identity::four_words_error_tests::tests::test_four_word_encoding_error ... ok
test identity::four_words_error_tests::tests::test_four_word_from_node_id_success ... ok
test identity::four_words_error_tests::tests::test_four_word_parsing_error ... ok
test identity::manager::tests::test_challenge_system ... ok
test adaptive::client::tests::test_client_profiles ... ok
test identity::manager::tests::test_identity_creation ... ok
test identity::manager::tests::test_identity_import_export ... ok
test identity::node_identity::tests::test_deterministic_generation ... ok
test dht::content_addressing::tests::test_large_content_streaming ... ok
test identity::node_identity::tests::test_identity_generation ... ok
test identity::node_identity::tests::test_proof_of_work ... ok
test identity::node_identity::tests::test_xor_distance ... ok
test identity::node_identity::tests::test_node_id_generation ... ok
test identity::secure_node_identity::tests::test_key_zeroization ... ok
test identity::secure_node_identity::tests::test_entropy_validation ... ok
test identity::secure_node_identity::tests::test_secure_identity_generation ... ok
test key_derivation::tests::test_derivation_path_depth_limit ... ok
test key_derivation::tests::test_derivation_path_parsing ... ok
test key_derivation::tests::test_hardened_derivation ... ok
test identity::node_identity::tests::test_identity_persistence ... ok
test key_derivation::tests::test_batch_derivation ... ok
test key_derivation::tests::test_master_seed_generation ... ok
test messaging::composer::tests::test_draft_creation ... ok
test messaging::composer::tests::test_draft_validation ... ok
test messaging::composer::tests::test_emoji_shortcuts ... ok
test messaging::composer::tests::test_mention_addition ... ok
test messaging::encryption::tests::test_key_ratchet ... ok
test key_derivation::tests::test_key_derivation ... ok
test messaging::encryption::tests::test_message_encryption ... ok
test messaging::media::tests::test_file_size_validation ... ok
test messaging::media::tests::test_hash_generation ... ok
test messaging::encryption::tests::test_message_signing ... ok
test messaging::media::tests::test_media_processor_creation ... ok
test messaging::quic_media_streams::tests::test_bandwidth_controller ... ok
test messaging::media::tests::test_mime_type_detection ... ok
test messaging::quic_media_streams::tests::test_priority_queue ... ok
test messaging::quic_media_streams::tests::test_qos_parameters ... ok
test messaging::quic_media_streams::tests::test_rate_limiter ... ok
test messaging::quic_media_streams::tests::test_stream_stats ... ok
test messaging::quic_media_streams::tests::test_stream_manager ... ok
test messaging::reactions::tests::test_add_reaction ... ok
test key_derivation::tests::test_key_derivation_cache ... ok
test messaging::reactions::tests::test_toggle_reaction ... ok
test messaging::search::tests::test_search_creation ... ok
test messaging::search::tests::test_search_suggestions ... ok
test messaging::sync::tests::test_presence_update ... ok
test messaging::sync::tests::test_sync_creation ... ok
test messaging::reactions::tests::test_multiple_reactions ... ok
test messaging::sync::tests::test_typing_indicators ... ok
test messaging::tests::test_message_creation ... ok
test messaging::tests::test_messaging_service_with_real_dht ... ok
test messaging::threads::tests::test_thread_creation ... ok
test messaging::transport::tests::test_delivery_status ... ok
test messaging::transport::tests::test_message_queue ... ok
test messaging::transport::tests::test_network_metrics ... ok
test messaging::transport::tests::test_transport_creation ... ok
test messaging::types::tests::test_message_creation ... ok
test messaging::types::tests::test_message_expiration ... ok
test messaging::webrtc::basic_tests::test_webrtc_config_default ... ok
test messaging::webrtc::basic_tests::test_webrtc_events ... ok
test messaging::webrtc::basic_tests::test_webrtc_service_builder ... ignored, requires mock DHT implementation
test messaging::webrtc::basic_tests::test_webrtc_service_creation ... ignored, requires mock DHT implementation
test messaging::webrtc::call_manager::tests::test_call_manager_creation ... ignored, requires mock DHT and signaling
test messaging::webrtc::call_manager::tests::test_call_session ... ok
test messaging::webrtc::call_manager::tests::test_network_adapter ... ok
test messaging::search::tests::test_quick_search ... ok
test messaging::webrtc::media::tests::test_media_constraints ... ok
test messaging::webrtc::media::tests::test_audio_processor_initialization ... ok
test messaging::webrtc::media::tests::test_media_stream_creation ... ok
test messaging::webrtc::media::tests::test_media_stream_manager_creation ... ok
test messaging::webrtc::media::tests::test_quality_adaptation ... ok
test messaging::webrtc::media::tests::test_video_resolution_dimensions ... ok
test messaging::webrtc::signaling::tests::test_quic_connection_establishment ... ignored, requires mock DHT implementation
test messaging::webrtc::signaling::tests::test_signaling_answer_flow ... ignored, requires mock DHT implementation
test messaging::webrtc::signaling::tests::test_signaling_offer_flow ... ignored, requires mock DHT implementation
test messaging::threads::tests::test_thread_replies ... ok
test messaging::webrtc::signaling::tests::test_signaling_state_transitions ... ok
test messaging::webrtc::tests::call_flow_tests::tests::test_call_manager_connection_status ... ignored, requires mock DHT implementation
test messaging::webrtc::tests::call_flow_tests::tests::test_call_rejection_flow ... ignored, requires mock DHT implementation
test messaging::webrtc::tests::call_flow_tests::tests::test_call_timeout_handling ... ok
test messaging::webrtc::media::tests::test_video_processor_initialization ... ok
test messaging::webrtc::tests::call_flow_tests::tests::test_complete_call_flow ... ignored, requires mock DHT implementation
test messaging::webrtc::tests::call_flow_tests::tests::test_call_manager_state_transitions ... ok
test messaging::webrtc::tests::call_flow_tests::tests::test_video_call_flow ... ignored, requires mock DHT implementation
test messaging::webrtc::tests::call_flow_tests::tests::test_concurrent_calls ... ok
test messaging::webrtc::tests::integration_tests::test_basic_call_flow_over_quic ... ignored, requires mock DHT implementation
test messaging::webrtc::tests::integration_tests::test_call_rejection ... ignored, requires mock DHT implementation
test messaging::webrtc::tests::call_flow_tests::tests::test_signaling_message_variants ... ok
test messaging::webrtc::tests::integration_tests::test_video_call_with_quality_adaptation ... ignored, requires mock DHT implementation
test messaging::webrtc::tests::integration_tests::test_signaling_validation ... ok
test messaging::webrtc::tests::integration_tests::test_native_quic_configuration ... ok
test messaging::webrtc::tests::media_streaming_tests::tests::test_call_quality_metrics ... ok
test messaging::webrtc::tests::media_streaming_tests::tests::test_audio_only_stream_creation ... ok
test messaging::webrtc::tests::media_streaming_tests::tests::test_device_switching ... ok
test messaging::webrtc::tests::media_streaming_tests::tests::test_media_constraints_helpers ... ok
test messaging::webrtc::tests::media_streaming_tests::tests::test_media_processor_initialization ... ok
test messaging::webrtc::tests::media_streaming_tests::tests::test_media_stream_manager_initialization ... ok
test messaging::webrtc::tests::media_streaming_tests::tests::test_media_capture_lifecycle ... ok
test messaging::webrtc::tests::media_streaming_tests::tests::test_media_track_creation ... ok
test messaging::webrtc::tests::media_streaming_tests::tests::test_quality_adaptation_good_network ... ok
test messaging::webrtc::tests::media_streaming_tests::tests::test_quality_adaptation_poor_network ... ok
test messaging::webrtc::tests::media_streaming_tests::tests::test_video_resolution_helpers ... ok
test messaging::webrtc::tests::media_streaming_tests::tests::test_video_call_stream_creation ... ok
test messaging::webrtc::tests::multi_party_tests::tests::test_call_architecture_selection ... ok
test messaging::webrtc::tests::media_streaming_tests::tests::test_screen_share_stream_creation ... ok
test messaging::webrtc::tests::multi_party_tests::tests::test_consent_status_variants ... ok
test messaging::webrtc::tests::multi_party_tests::tests::test_large_group_limits ... ok
test messaging::webrtc::tests::multi_party_tests::tests::test_call_architecture_serialization ... ok
test messaging::webrtc::tests::multi_party_tests::tests::test_mesh_architecture_small_group ... ignored, requires mock DHT implementation
test messaging::webrtc::tests::multi_party_tests::tests::test_multi_party_call_creation ... ignored, requires mock DHT implementation
test messaging::webrtc::tests::multi_party_tests::tests::test_multi_party_media_constraints ... ok
test messaging::webrtc::tests::multi_party_tests::tests::test_participant_management_in_session ... ok
test messaging::webrtc::tests::multi_party_tests::tests::test_recording_consent_management ... ignored, requires mock DHT implementation
test messaging::webrtc::tests::multi_party_tests::tests::test_sfu_architecture_large_group ... ignored, requires mock DHT implementation
test messaging::webrtc::tests::quic_connectivity_tests::tests::test_combined_dht_and_hole_punching ... ignored, requires mock DHT implementation
test messaging::webrtc::tests::quic_connectivity_tests::tests::test_connection_failure_handling ... ignored, requires mock DHT implementation
test messaging::webrtc::tests::quic_connectivity_tests::tests::test_coordinator_hole_punching ... ignored, requires mock DHT implementation
test messaging::webrtc::tests::quic_connectivity_tests::tests::test_dht_based_peer_discovery ... ignored, requires mock DHT implementation
test messaging::webrtc::tests::multi_party_tests::tests::test_multi_party_call_serialization ... ok
test messaging::webrtc::tests::multi_party_tests::tests::test_recording_consent_serialization ... ok
test messaging::webrtc::tests::quic_connectivity_tests::tests::test_quic_connection_establishment ... ignored, requires mock DHT implementation
test messaging::webrtc::tests::quic_connectivity_tests::tests::test_quic_configuration_validation ... ok
test messaging::webrtc_quic_bridge::tests::test_bridge_config_default ... ok
test messaging::webrtc::tests::quic_connectivity_tests::tests::test_quic_endpoint_validation ... ok
test messaging::webrtc::tests::quic_connectivity_tests::tests::test_signaling_message_routing ... ok
test messaging::webrtc_quic_bridge::tests::test_peer_state ... ok
test messaging::webrtc_quic_bridge::tests::test_jitter_buffer ... ok
test messaging::webrtc_quic_bridge::tests::test_rtp_packet_serialization ... ok
test messaging::webrtc_quic_bridge::tests::test_stream_type_priority ... ok
test mock_dht::tests::test_mock_dht_basic_operations ... ok
test mock_dht::tests::test_mock_dht_clear ... ok
test monotonic_counter::tests::test_batch_updates ... ok
test monotonic_counter::tests::test_old_sequence_cleanup ... ok
test monotonic_counter::tests::test_sequence_validation ... ok
test monotonic_counter::tests::test_statistics ... ok
test monotonic_counter::tests::test_persistence ... ok
test network::tests::test_connection_status_variants ... ok
test network::tests::test_dht_config_default ... ok
test network::tests::test_dht_access ... ok
test network::tests::test_event_subscription ... ok
test network::tests::test_health_check ... ok
test network::tests::test_mcp_server_access ... ok
test network::tests::test_network_event_variants ... ok
test network::tests::test_node_builder ... ok
test network::tests::test_node_config_access ... ok
test network::tests::test_node_config_default ... ok
test network::tests::test_node_creation ... ok
test network::tests::test_node_creation_without_peer_id ... ok
test network::tests::test_bootstrap_peers ... ok
test network::tests::test_node_lifecycle ... ok
test network::tests::test_peer_connection ... ok
test network::tests::test_peer_info_structure ... ok
test network::tests::test_production_mode_disabled ... ok
test network::tests::test_node_uptime ... ok
test network::tests::test_security_config_default ... ok
test network::tests::test_serialization ... ok
test network::tests::test_trust_level_variants ... ok
test peer_record::tests::test_dht_record_creation_and_signing ... ok
test peer_record::tests::test_nat_type_hole_punching ... ok
test peer_record::tests::test_peer_endpoint_creation ... ok
test peer_record::tests::test_signature_cache ... ok
test peer_record::tests::test_user_id_generation ... ok
test peer_record::tests::test_validation_limits ... ok
test persistent_state::tests::test_basic_operations ... ok
test persistent_state::tests::test_batch_update ... ok
test persistent_state::tests::test_checkpoint ... ok
test persistent_state::tests::test_crash_recovery ... ok
test persistent_state::tests::test_integrity_verification ... ok
test placement::algorithms::tests::test_diversity_factor_calculation ... ok
test placement::algorithms::tests::test_diversity_validation ... ok
test placement::algorithms::tests::test_efraimidis_spirakis_sampling ... ok
test placement::algorithms::tests::test_weight_calculation ... ok
test placement::dht_records::tests::test_data_pointer_creation ... ok
test placement::dht_records::tests::test_data_pointer_operations ... ok
test placement::dht_records::tests::test_dht_record_builder ... ok
test placement::dht_records::tests::test_dht_record_proof_of_work ... ok
test placement::dht_records::tests::test_dht_record_serialization ... ok
test placement::dht_records::tests::test_group_beacon_creation ... ok
test placement::dht_records::tests::test_node_ad_creation ... ok
test placement::dht_records::tests::test_node_ad_validation ... ok
test placement::dht_records::tests::test_node_capabilities_creation ... ok
test placement::dht_records::tests::test_node_capabilities_validation ... ok
test placement::dht_records::tests::test_os_signature ... ok
test placement::dht_records::tests::test_record_size_limit ... ok
test placement::dht_records::tests::test_register_pointer_creation ... ok
test placement::dht_records::tests::test_register_pointer_version_update ... ok
test placement::errors::tests::test_category_priority ... ok
test placement::errors::tests::test_error_categories ... ok
test placement::errors::tests::test_error_context ... ok
test placement::errors::tests::test_error_messages ... ok
test placement::errors::tests::test_error_retryability ... ok
test placement::errors::tests::test_error_severity ... ok
test placement::orchestrator::tests::test_audit_status ... ok
test placement::orchestrator::tests::test_placement_orchestrator_creation ... ignored
test placement::orchestrator::tests::test_shard_info ... ok
test placement::traits::tests::test_node_performance_metrics_validation ... ok
test placement::traits::tests::test_overall_score_calculation ... ok
test placement::traits::tests::test_remaining_capacity_calculation ... ok
test placement::traits::tests::test_storage_suitability ... ok
test placement::types::tests::test_byzantine_tolerance ... ok
test placement::types::tests::test_geographic_location ... ok
test placement::types::tests::test_network_region_from_coordinates ... ok
test placement::types::tests::test_optimization_weights ... ok
test placement::types::tests::test_placement_decision ... ok
test placement::types::tests::test_placement_metrics ... ok
test placement::types::tests::test_replication_factor_validation ... ok
test production::tests::test_bandwidth_tracker_creation ... ok
test production::tests::test_bandwidth_tracker_window_reset ... ok
test production::tests::test_bandwidth_tracking ... ok
test production::tests::test_bandwidth_tracking_multiple_records ... ok
test network::tests::test_remote_mcp_operations ... ok
test production::tests::test_cleanup_resources ... ok
test production::tests::test_connection_acquisition ... ok
test production::tests::test_connection_acquisition_during_shutdown ... ok
test production::tests::test_connection_guard_drop ... ok
test production::tests::test_dht_metrics_default ... ok
test production::tests::test_graceful_shutdown ... ok
test production::tests::test_bandwidth_tracking_rate_calculation ... ok
test production::tests::test_health_check_bandwidth_warning ... ok
test production::tests::test_health_check_connection_warning ... ok
test production::tests::test_health_check_memory_limit_exceeded ... ok
test production::tests::test_health_check_success ... ok
test production::tests::test_latency_stats_default ... ok
test production::tests::test_manager_bandwidth_recording ... ok
test production::tests::test_mcp_metrics_default ... ok
test production::tests::test_metrics_collection ... ok
test production::tests::test_production_config_default ... ok
test production::tests::test_rate_limit_config_default ... ok
test production::tests::test_rate_limiter_creation ... ok
test production::tests::test_rate_limiter_expiration ... ok
test network::tests::test_message_sending ... ok
test production::tests::test_rate_limiter_token_exhaustion ... ok
test production::tests::test_rate_limiting_dht_operations ... ok
test production::tests::test_rate_limiting_different_peers ... ok
test production::tests::test_rate_limiting_mcp_operations ... ok
test production::tests::test_rate_limiting_message_operations ... ok
test production::tests::test_rate_limiting_unknown_operation ... ok
test production::tests::test_resource_manager_cloning ... ok
test production::tests::test_resource_manager_creation ... ok
test production::tests::test_resource_metrics_structure ... ok
test identity::encryption::tests::test_device_password_encryption ... ok
test production::tests::test_start_with_disabled_features ... ok
test production::tests::test_graceful_shutdown_with_connections ... ok
test quantum_crypto::ant_quic_integration::tests::test_hybrid_kem_roundtrip ... ok
test identity::encryption::tests::test_encryption_produces_unique_nonces ... ok
test quantum_crypto::ant_quic_integration::tests::test_ml_kem_roundtrip ... ok
test quantum_crypto::ant_quic_integration::tests::test_pqc_config_creation ... ok
test quantum_crypto::ant_quic_integration::tests::test_pqc_memory_pool_creation ... ok
test quantum_crypto::tests::test_algorithm_negotiation ... ok
test quantum_crypto::tests::test_saorsa_pqc_availability ... ok
test quantum_crypto::types::tests::test_peer_id_display ... ok
test quantum_crypto::types::tests::test_sensitive_debug ... ok
test secure_memory::tests::test_global_pool ... ok
test secure_memory::tests::test_secure_memory_basic ... ok
test secure_memory::tests::test_secure_memory_constant_time_comparison ... ok
test secure_memory::tests::test_secure_memory_pool ... ok
test secure_memory::tests::test_secure_string ... ok
test secure_memory::tests::test_secure_vec ... ok
test security::tests::test_add_and_remove_node ... ok
test security::tests::test_asn_and_country_tracking ... ok
test security::tests::test_can_accept_node_basic ... ok
test security::tests::test_diversity_limits_enforcement ... ok
test security::tests::test_diversity_stats ... ok
test security::tests::test_diversity_stats_structure ... ok
test security::tests::test_extract_subnet_prefix ... ok
test security::tests::test_hosting_provider_stricter_limits ... ok
test security::tests::test_ip_analysis ... ok
test security::tests::test_ip_analysis_structure ... ok
test security::tests::test_ip_diversity_config_default ... ok
test security::tests::test_ip_diversity_enforcer_creation ... ok
test production::tests::test_shutdown_timeout ... ok
test identity::encryption::tests::test_encryption_serialization ... ok
test quantum_crypto::ant_quic_integration::tests::test_hybrid_signature_roundtrip ... ok
test security::tests::test_ipv6_node_id_generation ... ok
test security::tests::test_multiple_same_subnet_nodes ... ok
test security::tests::test_node_reputation_structure ... ok
test security::tests::test_reputation_decay ... ok
test security::tests::test_reputation_decay_removes_low_reputation ... ok
test security::tests::test_reputation_get_nonexistent ... ok
test security::tests::test_reputation_manager_creation ... ok
test security::tests::test_reputation_mixed_interactions ... ok
test security::tests::test_reputation_response_time_tracking ... ok
test security::tests::test_reputation_update_creates_entry ... ok
test security::tests::test_reputation_update_failure_decreases_rate ... ok
test security::tests::test_reputation_update_success_improves_rate ... ok
test quantum_crypto::ant_quic_integration::tests::test_ml_dsa_roundtrip ... ok
test telemetry::tests::test_event_counters ... ok
test telemetry::tests::test_health_monitor ... ok
test telemetry::tests::test_percentile_calculation ... ok
test security::tests::test_ipv6_subnet_extraction ... ok
test telemetry::tests::test_stream_metrics ... ok
test security::tests::test_ipv6_node_id_verification ... ok
test threshold::dkg::tests::test_dkg_ceremony ... ok
test threshold::frost::tests::test_coordinator ... ok
test telemetry::tests::test_telemetry_collector ... ok
test threshold::dkg::tests::test_dkg_coordinator ... ok
test threshold::frost::tests::test_frost_session_lifecycle ... ok
test threshold::group::tests::test_group_validation ... ok
test threshold::group::tests::test_participant_management ... ok
test threshold::group::tests::test_permission_checking ... ok
test threshold::frost::tests::test_key_generation ... ok
test threshold::tests::test_participant_roles ... ok
test threshold::tests::test_permission_defaults ... ok
test transport::tests::test_auto_transport_selection_quic ... ok
test transport::tests::test_connection_failure_handling ... ok
test transport::tests::test_connection_establishment ... ok
test transport::tests::test_connection_pool_empty ... ok
test transport::tests::test_connection_info_retrieval ... ok
test transport::tests::test_connection_pool_info ... ok
test transport::tests::test_connection_pool_max_connections ... ok
test transport::tests::test_connection_pool_round_robin ... ok
test transport::tests::test_connection_quality_default ... ok
test transport::tests::test_connection_pool_stats ... ok
test transport::tests::test_connection_quality_measurement ... ok
test transport::tests::test_message_sending ... ok
test transport::tests::test_message_sending_no_connection ... ok
test transport::tests::test_connection_with_specific_transport ... ok
test transport::tests::test_mock_connection_lifecycle ... ok
test transport::tests::test_mock_transport_address_support ... ok
test transport::tests::test_quic_transport_selection ... ok
test transport::tests::test_quic_transport_unavailable ... ok
test transport::tests::test_mock_transport_supported_addresses ... ok
test transport::tests::test_quic_transport_with_registration ... ok
test transport::tests::test_transport_manager_creation ... ok
test transport::tests::test_transport_message_structure ... ok
test transport::tests::test_transport_options_configuration ... ok
test transport::tests::test_transport_options_default ... ok
test transport::tests::test_transport_selection_default ... ok
test transport::tests::test_transport_selection_no_quic ... ok
test transport::tests::test_transport_selection_no_suitable_transport ... ok
test transport::tests::test_transport_registration ... ok
test transport::tests::test_transport_type_display ... ok
test transport::tests::test_transport_selection_variants ... ok
test transport::tests::test_transport_switching ... ok
test transport::tests::test_transport_type_serialization ... ok
test validation::tests::test_file_path_validation ... ok
test validation::tests::test_message_validation ... ok
test validation::tests::test_network_address_validation ... ok
test validation::tests::test_peer_id_validation ... ok
test validation::tests::test_sanitization ... ok
test security::tests::test_security_types_keypair ... ok
test identity::encryption::tests::test_wrong_password_fails ... ok
test security::tests::test_ipv6_node_id_verification_fails_with_wrong_data ... ok
test production::tests::test_rate_limiter_refill ... ok
test validation::tests::test_rate_limiter ... ok
test adaptive::security::tests::test_rate_limiter_node_limits ... ok
test adaptive::trust::tests::test_multi_factor_trust ... ok
test adaptive::trust::tests::test_trust_normalization ... ok
test adaptive::trust::tests::test_trust_decay ... ok
test encrypted_key_storage::tests::test_security_levels ... ok

test result: ok. 647 passed; 0 failed; 24 ignored; 0 measured; 0 filtered out; finished in 6.96s

[1m[32m     Running[0m tests/adaptive_components_corrected_test.rs (target/debug/deps/adaptive_components_corrected_test-659b9bff4d5c45ba)

running 9 tests
test test_state_vector_discretization ... ok
test test_eviction_strategies_real_api ... ok
test test_replication_manager_real_api ... ok
test test_churn_predictor_real_api ... ok
test test_q_learning_cache_real_api ... ok
test test_multi_armed_bandit_real_api ... ok
test test_thompson_sampling_real_api ... ok
test test_security_manager_real_api ... ok
test test_integrated_adaptive_system ... ok

test result: ok. 9 passed; 0 failed; 0 ignored; 0 measured; 0 filtered out; finished in 0.35s

[1m[32m     Running[0m tests/adaptive_components_test.rs (target/debug/deps/adaptive_components_test-2a27ff5686444088)

running 9 tests
test test_thompson_sampling_basic ... ok
test test_replication_manager_basic ... ok
test test_state_vector_basic ... ok
test test_churn_predictor_basic ... ok
test test_q_learning_cache_basic ... ok
test test_eviction_strategies_basic ... ok
test test_multi_armed_bandit_basic ... ok
test test_security_manager_basic ... ok
test test_adaptive_system_creation ... ok

test result: ok. 9 passed; 0 failed; 0 ignored; 0 measured; 0 filtered out; finished in 0.01s

[1m[32m     Running[0m tests/adaptive_integration_tests.rs (target/debug/deps/adaptive_integration_tests-5ac8972269e5e063)

running 3 tests
test test_q_learning_manager_updates_q_values ... ok
test test_adaptive_router_routes_with_registered_strategy ... ok
test test_security_manager_validate_join ... ok

test result: ok. 3 passed; 0 failed; 0 ignored; 0 measured; 0 filtered out; finished in 0.01s

[1m[32m     Running[0m tests/adaptive_network_integration_test.rs (target/debug/deps/adaptive_network_integration_test-b829af005241e0f6)

running 11 tests
test test_adaptive_replication ... ok
test test_adaptive_eviction_strategies ... ok
test test_lstm_churn_prediction ... ok
test test_thompson_sampling_adaptation ... ok
test test_multi_armed_bandit_routing ... ok
test test_q_learning_cache_optimization ... ok
test test_security_monitoring ... ok
test test_adaptive_gossip_protocol ... ok
test test_adaptive_performance_optimization ... ok
test test_adaptive_network_resilience ... ok
test test_full_adaptive_network_simulation ... ok

test result: ok. 11 passed; 0 failed; 0 ignored; 0 measured; 0 filtered out; finished in 10.08s

[1m[32m     Running[0m tests/adaptive_property_tests.rs (target/debug/deps/adaptive_property_tests-dfa037e86781d4f3)

running 3 tests
test prop_cache_hit_rate_is_bounded ... ok
test prop_statevector_bucket_ranges ... ok
test prop_hyperbolic_distance_properties ... ok

test result: ok. 3 passed; 0 failed; 0 ignored; 0 measured; 0 filtered out; finished in 0.01s

[1m[32m     Running[0m tests/ant_quic_integration_test.rs (target/debug/deps/ant_quic_integration_test-34489c2c542aa93c)

running 5 tests
test test_ant_quic_feature_enabled ... ok
test test_p2p_peer_authentication ... ok
test test_p2p_network_node_creation ... ok
test test_p2p_data_transfer ... ok
test test_peer_to_peer_connection ... ok

test result: ok. 5 passed; 0 failed; 0 ignored; 0 measured; 0 filtered out; finished in 0.00s

[1m[32m     Running[0m tests/api_implementation_tests.rs (target/debug/deps/api_implementation_tests-6bd727a338a833b0)

running 4 tests
test test_channel_recipients_helper ... ok
test test_virtual_disk_basic_operations ... FAILED
test test_website_helpers ... FAILED
test test_disk_sync_counts_written_files ... FAILED

failures:

---- test_virtual_disk_basic_operations stdout ----

thread 'test_virtual_disk_basic_operations' panicked at /Users/davidirvine/Desktop/Devel/projects/saorsa-core/src/virtual_disk.rs:40:5:
not implemented: Virtual disk not yet migrated

---- test_website_helpers stdout ----

thread 'test_website_helpers' panicked at /Users/davidirvine/Desktop/Devel/projects/saorsa-core/src/virtual_disk.rs:40:5:
not implemented: Virtual disk not yet migrated

---- test_disk_sync_counts_written_files stdout ----

thread 'test_disk_sync_counts_written_files' panicked at /Users/davidirvine/Desktop/Devel/projects/saorsa-core/src/virtual_disk.rs:40:5:
not implemented: Virtual disk not yet migrated
note: run with `RUST_BACKTRACE=1` environment variable to display a backtrace


failures:
    test_disk_sync_counts_written_files
    test_virtual_disk_basic_operations
    test_website_helpers

test result: FAILED. 1 passed; 3 failed; 0 ignored; 0 measured; 0 filtered out; finished in 0.00s

[1m[31merror[0m[1m:[0m test failed, to rerun pass `--test api_implementation_tests`
